<?xml version="1.0" encoding="UTF-8"?>
<testng-results skipped="0" failed="3" ignored="0" total="50" passed="47">
  <reporter-output>
  </reporter-output>
  <suite name="Suite" duration-ms="766224" started-at="2018-07-13T12:06:22Z" finished-at="2018-07-13T12:19:08Z">
    <groups>
    </groups>
    <test name="TestChrome" duration-ms="338612" started-at="2018-07-13T12:06:22Z" finished-at="2018-07-13T12:12:01Z">
      <class name="tests.ThreadLocalDemo">
        <test-method status="PASS" signature="testMethod1()[pri:0, instance:tests.ThreadLocalDemo@4520ebad]" name="testMethod1" duration-ms="14862" started-at="2018-07-13T17:36:22Z" finished-at="2018-07-13T17:36:37Z">
          <reporter-output>
          </reporter-output>
        </test-method> <!-- testMethod1 -->
        <test-method status="PASS" signature="testMethod10()[pri:0, instance:tests.ThreadLocalDemo@4520ebad]" name="testMethod10" duration-ms="12692" started-at="2018-07-13T17:36:37Z" finished-at="2018-07-13T17:36:50Z">
          <reporter-output>
          </reporter-output>
        </test-method> <!-- testMethod10 -->
        <test-method status="PASS" signature="testMethod11()[pri:0, instance:tests.ThreadLocalDemo@4520ebad]" name="testMethod11" duration-ms="11842" started-at="2018-07-13T17:36:50Z" finished-at="2018-07-13T17:37:02Z">
          <reporter-output>
          </reporter-output>
        </test-method> <!-- testMethod11 -->
        <test-method status="PASS" signature="testMethod12()[pri:0, instance:tests.ThreadLocalDemo@4520ebad]" name="testMethod12" duration-ms="13908" started-at="2018-07-13T17:37:02Z" finished-at="2018-07-13T17:37:16Z">
          <reporter-output>
          </reporter-output>
        </test-method> <!-- testMethod12 -->
        <test-method status="PASS" signature="testMethod13()[pri:0, instance:tests.ThreadLocalDemo@4520ebad]" name="testMethod13" duration-ms="12073" started-at="2018-07-13T17:37:16Z" finished-at="2018-07-13T17:37:28Z">
          <reporter-output>
          </reporter-output>
        </test-method> <!-- testMethod13 -->
        <test-method status="PASS" signature="testMethod14()[pri:0, instance:tests.ThreadLocalDemo@4520ebad]" name="testMethod14" duration-ms="13231" started-at="2018-07-13T17:37:28Z" finished-at="2018-07-13T17:37:41Z">
          <reporter-output>
          </reporter-output>
        </test-method> <!-- testMethod14 -->
        <test-method status="PASS" signature="testMethod15()[pri:0, instance:tests.ThreadLocalDemo@4520ebad]" name="testMethod15" duration-ms="16819" started-at="2018-07-13T17:37:41Z" finished-at="2018-07-13T17:37:58Z">
          <reporter-output>
          </reporter-output>
        </test-method> <!-- testMethod15 -->
        <test-method status="PASS" signature="testMethod16()[pri:0, instance:tests.ThreadLocalDemo@4520ebad]" name="testMethod16" duration-ms="9879" started-at="2018-07-13T17:37:58Z" finished-at="2018-07-13T17:38:08Z">
          <reporter-output>
          </reporter-output>
        </test-method> <!-- testMethod16 -->
        <test-method status="PASS" signature="testMethod17()[pri:0, instance:tests.ThreadLocalDemo@4520ebad]" name="testMethod17" duration-ms="13233" started-at="2018-07-13T17:38:08Z" finished-at="2018-07-13T17:38:21Z">
          <reporter-output>
          </reporter-output>
        </test-method> <!-- testMethod17 -->
        <test-method status="PASS" signature="testMethod18()[pri:0, instance:tests.ThreadLocalDemo@4520ebad]" name="testMethod18" duration-ms="9728" started-at="2018-07-13T17:38:21Z" finished-at="2018-07-13T17:38:31Z">
          <reporter-output>
          </reporter-output>
        </test-method> <!-- testMethod18 -->
        <test-method status="PASS" signature="testMethod19()[pri:0, instance:tests.ThreadLocalDemo@4520ebad]" name="testMethod19" duration-ms="9940" started-at="2018-07-13T17:38:31Z" finished-at="2018-07-13T17:38:40Z">
          <reporter-output>
          </reporter-output>
        </test-method> <!-- testMethod19 -->
        <test-method status="PASS" signature="testMethod2()[pri:0, instance:tests.ThreadLocalDemo@4520ebad]" name="testMethod2" duration-ms="12437" started-at="2018-07-13T17:38:40Z" finished-at="2018-07-13T17:38:53Z">
          <reporter-output>
          </reporter-output>
        </test-method> <!-- testMethod2 -->
        <test-method status="PASS" signature="testMethod20()[pri:0, instance:tests.ThreadLocalDemo@4520ebad]" name="testMethod20" duration-ms="10158" started-at="2018-07-13T17:38:53Z" finished-at="2018-07-13T17:39:03Z">
          <reporter-output>
          </reporter-output>
        </test-method> <!-- testMethod20 -->
        <test-method status="PASS" signature="testMethod21()[pri:0, instance:tests.ThreadLocalDemo@4520ebad]" name="testMethod21" duration-ms="14835" started-at="2018-07-13T17:39:03Z" finished-at="2018-07-13T17:39:18Z">
          <reporter-output>
          </reporter-output>
        </test-method> <!-- testMethod21 -->
        <test-method status="PASS" signature="testMethod22()[pri:0, instance:tests.ThreadLocalDemo@4520ebad]" name="testMethod22" duration-ms="11716" started-at="2018-07-13T17:39:18Z" finished-at="2018-07-13T17:39:30Z">
          <reporter-output>
          </reporter-output>
        </test-method> <!-- testMethod22 -->
        <test-method status="PASS" signature="testMethod23()[pri:0, instance:tests.ThreadLocalDemo@4520ebad]" name="testMethod23" duration-ms="16815" started-at="2018-07-13T17:39:30Z" finished-at="2018-07-13T17:39:46Z">
          <reporter-output>
          </reporter-output>
        </test-method> <!-- testMethod23 -->
        <test-method status="PASS" signature="testMethod24()[pri:0, instance:tests.ThreadLocalDemo@4520ebad]" name="testMethod24" duration-ms="14888" started-at="2018-07-13T17:39:46Z" finished-at="2018-07-13T17:40:01Z">
          <reporter-output>
          </reporter-output>
        </test-method> <!-- testMethod24 -->
        <test-method status="PASS" signature="testMethod25()[pri:0, instance:tests.ThreadLocalDemo@4520ebad]" name="testMethod25" duration-ms="17808" started-at="2018-07-13T17:40:01Z" finished-at="2018-07-13T17:40:19Z">
          <reporter-output>
          </reporter-output>
        </test-method> <!-- testMethod25 -->
        <test-method status="PASS" signature="testMethod3()[pri:0, instance:tests.ThreadLocalDemo@4520ebad]" name="testMethod3" duration-ms="13184" started-at="2018-07-13T17:40:19Z" finished-at="2018-07-13T17:40:32Z">
          <reporter-output>
          </reporter-output>
        </test-method> <!-- testMethod3 -->
        <test-method status="PASS" signature="testMethod4()[pri:0, instance:tests.ThreadLocalDemo@4520ebad]" name="testMethod4" duration-ms="14614" started-at="2018-07-13T17:40:32Z" finished-at="2018-07-13T17:40:47Z">
          <reporter-output>
          </reporter-output>
        </test-method> <!-- testMethod4 -->
        <test-method status="PASS" signature="testMethod5()[pri:0, instance:tests.ThreadLocalDemo@4520ebad]" name="testMethod5" duration-ms="16934" started-at="2018-07-13T17:40:47Z" finished-at="2018-07-13T17:41:04Z">
          <reporter-output>
          </reporter-output>
        </test-method> <!-- testMethod5 -->
        <test-method status="PASS" signature="testMethod6()[pri:0, instance:tests.ThreadLocalDemo@4520ebad]" name="testMethod6" duration-ms="14864" started-at="2018-07-13T17:41:04Z" finished-at="2018-07-13T17:41:19Z">
          <reporter-output>
          </reporter-output>
        </test-method> <!-- testMethod6 -->
        <test-method status="PASS" signature="testMethod7()[pri:0, instance:tests.ThreadLocalDemo@4520ebad]" name="testMethod7" duration-ms="16824" started-at="2018-07-13T17:41:19Z" finished-at="2018-07-13T17:41:36Z">
          <reporter-output>
          </reporter-output>
        </test-method> <!-- testMethod7 -->
        <test-method status="PASS" signature="testMethod8()[pri:0, instance:tests.ThreadLocalDemo@4520ebad]" name="testMethod8" duration-ms="12737" started-at="2018-07-13T17:41:36Z" finished-at="2018-07-13T17:41:48Z">
          <reporter-output>
          </reporter-output>
        </test-method> <!-- testMethod8 -->
        <test-method status="PASS" signature="testMethod9()[pri:0, instance:tests.ThreadLocalDemo@4520ebad]" name="testMethod9" duration-ms="12556" started-at="2018-07-13T17:41:48Z" finished-at="2018-07-13T17:42:01Z">
          <reporter-output>
          </reporter-output>
        </test-method> <!-- testMethod9 -->
      </class> <!-- tests.ThreadLocalDemo -->
    </test> <!-- TestChrome -->
    <test name="TestFirefox" duration-ms="766224" started-at="2018-07-13T12:06:22Z" finished-at="2018-07-13T12:19:08Z">
      <class name="tests.Threadlocal2">
        <test-method status="PASS" signature="testMethod1()[pri:0, instance:tests.Threadlocal2@cb5822]" name="testMethod1" duration-ms="35799" started-at="2018-07-13T17:36:22Z" finished-at="2018-07-13T17:36:58Z">
          <reporter-output>
          </reporter-output>
        </test-method> <!-- testMethod1 -->
        <test-method status="PASS" signature="testMethod10()[pri:0, instance:tests.Threadlocal2@cb5822]" name="testMethod10" duration-ms="30685" started-at="2018-07-13T17:36:58Z" finished-at="2018-07-13T17:37:29Z">
          <reporter-output>
          </reporter-output>
        </test-method> <!-- testMethod10 -->
        <test-method status="PASS" signature="testMethod11()[pri:0, instance:tests.Threadlocal2@cb5822]" name="testMethod11" duration-ms="30143" started-at="2018-07-13T17:37:29Z" finished-at="2018-07-13T17:37:59Z">
          <reporter-output>
          </reporter-output>
        </test-method> <!-- testMethod11 -->
        <test-method status="PASS" signature="testMethod12()[pri:0, instance:tests.Threadlocal2@cb5822]" name="testMethod12" duration-ms="30307" started-at="2018-07-13T17:37:59Z" finished-at="2018-07-13T17:38:29Z">
          <reporter-output>
          </reporter-output>
        </test-method> <!-- testMethod12 -->
        <test-method status="FAIL" signature="testMethod13()[pri:0, instance:tests.Threadlocal2@cb5822]" name="testMethod13" duration-ms="28105" started-at="2018-07-13T17:38:29Z" finished-at="2018-07-13T17:38:57Z">
          <exception class="org.openqa.selenium.NoSuchElementException">
            <message>
              <![CDATA[Unable to locate element: *[name='findFlights']
For documentation on this error, please visit: http://seleniumhq.org/exceptions/no_such_element.html
Build info: version: '3.13.0', revision: '2f0d292', time: '2018-06-25T15:24:21.231Z'
System info: host: 'CSCINDAE752636', ip: '20.201.67.14', os.name: 'Windows 7', os.arch: 'amd64', os.version: '6.1', java.version: '1.8.0_152'
Driver info: org.openqa.selenium.firefox.FirefoxDriver
Capabilities {acceptInsecureCerts: true, browserName: firefox, browserVersion: 61.0.1, javascriptEnabled: true, moz:accessibilityChecks: false, moz:headless: false, moz:processID: 18848, moz:profile: C:\Users\biyamperumal\AppDa..., moz:useNonSpecCompliantPointerOrigin: false, moz:webdriverClick: true, pageLoadStrategy: normal, platform: XP, platformName: XP, platformVersion: 6.1, rotatable: false, timeouts: {implicit: 0, pageLoad: 300000, script: 30000}}
Session ID: d486f736-69d8-4af1-a15c-62c252dbf9e9
*** Element info: {Using=name, value=findFlights}]]>
            </message>
            <full-stacktrace>
              <![CDATA[org.openqa.selenium.NoSuchElementException: Unable to locate element: *[name='findFlights']
For documentation on this error, please visit: http://seleniumhq.org/exceptions/no_such_element.html
Build info: version: '3.13.0', revision: '2f0d292', time: '2018-06-25T15:24:21.231Z'
System info: host: 'CSCINDAE752636', ip: '20.201.67.14', os.name: 'Windows 7', os.arch: 'amd64', os.version: '6.1', java.version: '1.8.0_152'
Driver info: org.openqa.selenium.firefox.FirefoxDriver
Capabilities {acceptInsecureCerts: true, browserName: firefox, browserVersion: 61.0.1, javascriptEnabled: true, moz:accessibilityChecks: false, moz:headless: false, moz:processID: 18848, moz:profile: C:\Users\biyamperumal\AppDa..., moz:useNonSpecCompliantPointerOrigin: false, moz:webdriverClick: true, pageLoadStrategy: normal, platform: XP, platformName: XP, platformVersion: 6.1, rotatable: false, timeouts: {implicit: 0, pageLoad: 300000, script: 30000}}
Session ID: d486f736-69d8-4af1-a15c-62c252dbf9e9
*** Element info: {Using=name, value=findFlights}
	at sun.reflect.NativeConstructorAccessorImpl.newInstance0(Native Method)
	at sun.reflect.NativeConstructorAccessorImpl.newInstance(Unknown Source)
	at sun.reflect.DelegatingConstructorAccessorImpl.newInstance(Unknown Source)
	at java.lang.reflect.Constructor.newInstance(Unknown Source)
	at org.openqa.selenium.remote.http.W3CHttpResponseCodec.createException(W3CHttpResponseCodec.java:187)
	at org.openqa.selenium.remote.http.W3CHttpResponseCodec.decode(W3CHttpResponseCodec.java:122)
	at org.openqa.selenium.remote.http.W3CHttpResponseCodec.decode(W3CHttpResponseCodec.java:49)
	at org.openqa.selenium.remote.HttpCommandExecutor.execute(HttpCommandExecutor.java:158)
	at org.openqa.selenium.remote.service.DriverCommandExecutor.execute(DriverCommandExecutor.java:83)
	at org.openqa.selenium.remote.RemoteWebDriver.execute(RemoteWebDriver.java:548)
	at org.openqa.selenium.remote.RemoteWebDriver.findElement(RemoteWebDriver.java:322)
	at org.openqa.selenium.remote.RemoteWebDriver.findElementByName(RemoteWebDriver.java:400)
	at org.openqa.selenium.By$ByName.findElement(By.java:284)
	at org.openqa.selenium.remote.RemoteWebDriver.findElement(RemoteWebDriver.java:314)
	at tests.Threadlocal2.testMethod13(Threadlocal2.java:321)
	at sun.reflect.NativeMethodAccessorImpl.invoke0(Native Method)
	at sun.reflect.NativeMethodAccessorImpl.invoke(Unknown Source)
	at sun.reflect.DelegatingMethodAccessorImpl.invoke(Unknown Source)
	at java.lang.reflect.Method.invoke(Unknown Source)
	at org.testng.internal.MethodInvocationHelper.invokeMethod(MethodInvocationHelper.java:104)
	at org.testng.internal.Invoker.invokeMethod(Invoker.java:645)
	at org.testng.internal.Invoker.invokeTestMethod(Invoker.java:851)
	at org.testng.internal.Invoker.invokeTestMethods(Invoker.java:1177)
	at org.testng.internal.TestMethodWorker.invokeTestMethods(TestMethodWorker.java:129)
	at org.testng.internal.TestMethodWorker.run(TestMethodWorker.java:112)
	at org.testng.TestRunner.privateRun(TestRunner.java:756)
	at org.testng.TestRunner.run(TestRunner.java:610)
	at org.testng.SuiteRunner.runTest(SuiteRunner.java:387)
	at org.testng.SuiteRunner.access$000(SuiteRunner.java:39)
	at org.testng.SuiteRunner$SuiteWorker.run(SuiteRunner.java:421)
	at org.testng.internal.thread.ThreadUtil$2.call(ThreadUtil.java:64)
	at java.util.concurrent.FutureTask.run(Unknown Source)
	at java.util.concurrent.ThreadPoolExecutor.runWorker(Unknown Source)
	at java.util.concurrent.ThreadPoolExecutor$Worker.run(Unknown Source)
	at java.lang.Thread.run(Unknown Source)
]]>
            </full-stacktrace>
          </exception> <!-- org.openqa.selenium.NoSuchElementException -->
          <reporter-output>
          </reporter-output>
        </test-method> <!-- testMethod13 -->
        <test-method status="PASS" signature="testMethod14()[pri:0, instance:tests.Threadlocal2@cb5822]" name="testMethod14" duration-ms="28757" started-at="2018-07-13T17:38:57Z" finished-at="2018-07-13T17:39:26Z">
          <reporter-output>
          </reporter-output>
        </test-method> <!-- testMethod14 -->
        <test-method status="PASS" signature="testMethod15()[pri:0, instance:tests.Threadlocal2@cb5822]" name="testMethod15" duration-ms="32368" started-at="2018-07-13T17:39:26Z" finished-at="2018-07-13T17:39:58Z">
          <reporter-output>
          </reporter-output>
        </test-method> <!-- testMethod15 -->
        <test-method status="PASS" signature="testMethod16()[pri:0, instance:tests.Threadlocal2@cb5822]" name="testMethod16" duration-ms="32373" started-at="2018-07-13T17:39:58Z" finished-at="2018-07-13T17:40:31Z">
          <reporter-output>
          </reporter-output>
        </test-method> <!-- testMethod16 -->
        <test-method status="PASS" signature="testMethod17()[pri:0, instance:tests.Threadlocal2@cb5822]" name="testMethod17" duration-ms="33322" started-at="2018-07-13T17:40:31Z" finished-at="2018-07-13T17:41:04Z">
          <reporter-output>
          </reporter-output>
        </test-method> <!-- testMethod17 -->
        <test-method status="PASS" signature="testMethod18()[pri:0, instance:tests.Threadlocal2@cb5822]" name="testMethod18" duration-ms="34609" started-at="2018-07-13T17:41:04Z" finished-at="2018-07-13T17:41:39Z">
          <reporter-output>
          </reporter-output>
        </test-method> <!-- testMethod18 -->
        <test-method status="FAIL" signature="testMethod19()[pri:0, instance:tests.Threadlocal2@cb5822]" name="testMethod19" duration-ms="28424" started-at="2018-07-13T17:41:39Z" finished-at="2018-07-13T17:42:07Z">
          <exception class="org.openqa.selenium.NoSuchElementException">
            <message>
              <![CDATA[Unable to locate element: *[name='findFlights']
For documentation on this error, please visit: http://seleniumhq.org/exceptions/no_such_element.html
Build info: version: '3.13.0', revision: '2f0d292', time: '2018-06-25T15:24:21.231Z'
System info: host: 'CSCINDAE752636', ip: '20.201.67.14', os.name: 'Windows 7', os.arch: 'amd64', os.version: '6.1', java.version: '1.8.0_152'
Driver info: org.openqa.selenium.firefox.FirefoxDriver
Capabilities {acceptInsecureCerts: true, browserName: firefox, browserVersion: 61.0.1, javascriptEnabled: true, moz:accessibilityChecks: false, moz:headless: false, moz:processID: 9624, moz:profile: C:\Users\biyamperumal\AppDa..., moz:useNonSpecCompliantPointerOrigin: false, moz:webdriverClick: true, pageLoadStrategy: normal, platform: XP, platformName: XP, platformVersion: 6.1, rotatable: false, timeouts: {implicit: 0, pageLoad: 300000, script: 30000}}
Session ID: 8195b8b1-93d9-430a-b8ca-bf28f750cb2a
*** Element info: {Using=name, value=findFlights}]]>
            </message>
            <full-stacktrace>
              <![CDATA[org.openqa.selenium.NoSuchElementException: Unable to locate element: *[name='findFlights']
For documentation on this error, please visit: http://seleniumhq.org/exceptions/no_such_element.html
Build info: version: '3.13.0', revision: '2f0d292', time: '2018-06-25T15:24:21.231Z'
System info: host: 'CSCINDAE752636', ip: '20.201.67.14', os.name: 'Windows 7', os.arch: 'amd64', os.version: '6.1', java.version: '1.8.0_152'
Driver info: org.openqa.selenium.firefox.FirefoxDriver
Capabilities {acceptInsecureCerts: true, browserName: firefox, browserVersion: 61.0.1, javascriptEnabled: true, moz:accessibilityChecks: false, moz:headless: false, moz:processID: 9624, moz:profile: C:\Users\biyamperumal\AppDa..., moz:useNonSpecCompliantPointerOrigin: false, moz:webdriverClick: true, pageLoadStrategy: normal, platform: XP, platformName: XP, platformVersion: 6.1, rotatable: false, timeouts: {implicit: 0, pageLoad: 300000, script: 30000}}
Session ID: 8195b8b1-93d9-430a-b8ca-bf28f750cb2a
*** Element info: {Using=name, value=findFlights}
	at sun.reflect.NativeConstructorAccessorImpl.newInstance0(Native Method)
	at sun.reflect.NativeConstructorAccessorImpl.newInstance(Unknown Source)
	at sun.reflect.DelegatingConstructorAccessorImpl.newInstance(Unknown Source)
	at java.lang.reflect.Constructor.newInstance(Unknown Source)
	at org.openqa.selenium.remote.http.W3CHttpResponseCodec.createException(W3CHttpResponseCodec.java:187)
	at org.openqa.selenium.remote.http.W3CHttpResponseCodec.decode(W3CHttpResponseCodec.java:122)
	at org.openqa.selenium.remote.http.W3CHttpResponseCodec.decode(W3CHttpResponseCodec.java:49)
	at org.openqa.selenium.remote.HttpCommandExecutor.execute(HttpCommandExecutor.java:158)
	at org.openqa.selenium.remote.service.DriverCommandExecutor.execute(DriverCommandExecutor.java:83)
	at org.openqa.selenium.remote.RemoteWebDriver.execute(RemoteWebDriver.java:548)
	at org.openqa.selenium.remote.RemoteWebDriver.findElement(RemoteWebDriver.java:322)
	at org.openqa.selenium.remote.RemoteWebDriver.findElementByName(RemoteWebDriver.java:400)
	at org.openqa.selenium.By$ByName.findElement(By.java:284)
	at org.openqa.selenium.remote.RemoteWebDriver.findElement(RemoteWebDriver.java:314)
	at tests.Threadlocal2.testMethod19(Threadlocal2.java:471)
	at sun.reflect.NativeMethodAccessorImpl.invoke0(Native Method)
	at sun.reflect.NativeMethodAccessorImpl.invoke(Unknown Source)
	at sun.reflect.DelegatingMethodAccessorImpl.invoke(Unknown Source)
	at java.lang.reflect.Method.invoke(Unknown Source)
	at org.testng.internal.MethodInvocationHelper.invokeMethod(MethodInvocationHelper.java:104)
	at org.testng.internal.Invoker.invokeMethod(Invoker.java:645)
	at org.testng.internal.Invoker.invokeTestMethod(Invoker.java:851)
	at org.testng.internal.Invoker.invokeTestMethods(Invoker.java:1177)
	at org.testng.internal.TestMethodWorker.invokeTestMethods(TestMethodWorker.java:129)
	at org.testng.internal.TestMethodWorker.run(TestMethodWorker.java:112)
	at org.testng.TestRunner.privateRun(TestRunner.java:756)
	at org.testng.TestRunner.run(TestRunner.java:610)
	at org.testng.SuiteRunner.runTest(SuiteRunner.java:387)
	at org.testng.SuiteRunner.access$000(SuiteRunner.java:39)
	at org.testng.SuiteRunner$SuiteWorker.run(SuiteRunner.java:421)
	at org.testng.internal.thread.ThreadUtil$2.call(ThreadUtil.java:64)
	at java.util.concurrent.FutureTask.run(Unknown Source)
	at java.util.concurrent.ThreadPoolExecutor.runWorker(Unknown Source)
	at java.util.concurrent.ThreadPoolExecutor$Worker.run(Unknown Source)
	at java.lang.Thread.run(Unknown Source)
]]>
            </full-stacktrace>
          </exception> <!-- org.openqa.selenium.NoSuchElementException -->
          <reporter-output>
          </reporter-output>
        </test-method> <!-- testMethod19 -->
        <test-method status="PASS" signature="testMethod2()[pri:0, instance:tests.Threadlocal2@cb5822]" name="testMethod2" duration-ms="30135" started-at="2018-07-13T17:42:07Z" finished-at="2018-07-13T17:42:37Z">
          <reporter-output>
          </reporter-output>
        </test-method> <!-- testMethod2 -->
        <test-method status="PASS" signature="testMethod20()[pri:0, instance:tests.Threadlocal2@cb5822]" name="testMethod20" duration-ms="28925" started-at="2018-07-13T17:42:37Z" finished-at="2018-07-13T17:43:06Z">
          <reporter-output>
          </reporter-output>
        </test-method> <!-- testMethod20 -->
        <test-method status="PASS" signature="testMethod21()[pri:0, instance:tests.Threadlocal2@cb5822]" name="testMethod21" duration-ms="28829" started-at="2018-07-13T17:43:06Z" finished-at="2018-07-13T17:43:35Z">
          <reporter-output>
          </reporter-output>
        </test-method> <!-- testMethod21 -->
        <test-method status="PASS" signature="testMethod22()[pri:0, instance:tests.Threadlocal2@cb5822]" name="testMethod22" duration-ms="28789" started-at="2018-07-13T17:43:35Z" finished-at="2018-07-13T17:44:04Z">
          <reporter-output>
          </reporter-output>
        </test-method> <!-- testMethod22 -->
        <test-method status="PASS" signature="testMethod23()[pri:0, instance:tests.Threadlocal2@cb5822]" name="testMethod23" duration-ms="29281" started-at="2018-07-13T17:44:04Z" finished-at="2018-07-13T17:44:33Z">
          <reporter-output>
          </reporter-output>
        </test-method> <!-- testMethod23 -->
        <test-method status="PASS" signature="testMethod24()[pri:0, instance:tests.Threadlocal2@cb5822]" name="testMethod24" duration-ms="30315" started-at="2018-07-13T17:44:33Z" finished-at="2018-07-13T17:45:03Z">
          <reporter-output>
          </reporter-output>
        </test-method> <!-- testMethod24 -->
        <test-method status="PASS" signature="testMethod25()[pri:0, instance:tests.Threadlocal2@cb5822]" name="testMethod25" duration-ms="51153" started-at="2018-07-13T17:45:03Z" finished-at="2018-07-13T17:45:55Z">
          <reporter-output>
          </reporter-output>
        </test-method> <!-- testMethod25 -->
        <test-method status="PASS" signature="testMethod3()[pri:0, instance:tests.Threadlocal2@cb5822]" name="testMethod3" duration-ms="28911" started-at="2018-07-13T17:45:55Z" finished-at="2018-07-13T17:46:24Z">
          <reporter-output>
          </reporter-output>
        </test-method> <!-- testMethod3 -->
        <test-method status="PASS" signature="testMethod4()[pri:0, instance:tests.Threadlocal2@cb5822]" name="testMethod4" duration-ms="29228" started-at="2018-07-13T17:46:24Z" finished-at="2018-07-13T17:46:53Z">
          <reporter-output>
          </reporter-output>
        </test-method> <!-- testMethod4 -->
        <test-method status="PASS" signature="testMethod5()[pri:0, instance:tests.Threadlocal2@cb5822]" name="testMethod5" duration-ms="29165" started-at="2018-07-13T17:46:53Z" finished-at="2018-07-13T17:47:22Z">
          <reporter-output>
          </reporter-output>
        </test-method> <!-- testMethod5 -->
        <test-method status="PASS" signature="testMethod6()[pri:0, instance:tests.Threadlocal2@cb5822]" name="testMethod6" duration-ms="28353" started-at="2018-07-13T17:47:22Z" finished-at="2018-07-13T17:47:50Z">
          <reporter-output>
          </reporter-output>
        </test-method> <!-- testMethod6 -->
        <test-method status="PASS" signature="testMethod7()[pri:0, instance:tests.Threadlocal2@cb5822]" name="testMethod7" duration-ms="29511" started-at="2018-07-13T17:47:50Z" finished-at="2018-07-13T17:48:20Z">
          <reporter-output>
          </reporter-output>
        </test-method> <!-- testMethod7 -->
        <test-method status="PASS" signature="testMethod8()[pri:0, instance:tests.Threadlocal2@cb5822]" name="testMethod8" duration-ms="29050" started-at="2018-07-13T17:48:20Z" finished-at="2018-07-13T17:48:49Z">
          <reporter-output>
          </reporter-output>
        </test-method> <!-- testMethod8 -->
        <test-method status="FAIL" signature="testMethod9()[pri:0, instance:tests.Threadlocal2@cb5822]" name="testMethod9" duration-ms="19648" started-at="2018-07-13T17:48:49Z" finished-at="2018-07-13T17:49:08Z">
          <exception class="org.openqa.selenium.WebDriverException">
            <message>
              <![CDATA[Process unexpectedly closed with status 0
Build info: version: '3.13.0', revision: '2f0d292', time: '2018-06-25T15:24:21.231Z'
System info: host: 'CSCINDAE752636', ip: '20.201.67.14', os.name: 'Windows 7', os.arch: 'amd64', os.version: '6.1', java.version: '1.8.0_152'
Driver info: driver.version: FirefoxDriver
remote stacktrace: ]]>
            </message>
            <full-stacktrace>
              <![CDATA[org.openqa.selenium.WebDriverException: Process unexpectedly closed with status 0
Build info: version: '3.13.0', revision: '2f0d292', time: '2018-06-25T15:24:21.231Z'
System info: host: 'CSCINDAE752636', ip: '20.201.67.14', os.name: 'Windows 7', os.arch: 'amd64', os.version: '6.1', java.version: '1.8.0_152'
Driver info: driver.version: FirefoxDriver
remote stacktrace: 
	at sun.reflect.NativeConstructorAccessorImpl.newInstance0(Native Method)
	at sun.reflect.NativeConstructorAccessorImpl.newInstance(Unknown Source)
	at sun.reflect.DelegatingConstructorAccessorImpl.newInstance(Unknown Source)
	at java.lang.reflect.Constructor.newInstance(Unknown Source)
	at org.openqa.selenium.remote.W3CHandshakeResponse.lambda$new$0(W3CHandshakeResponse.java:57)
	at org.openqa.selenium.remote.W3CHandshakeResponse.lambda$getResponseFunction$2(W3CHandshakeResponse.java:104)
	at org.openqa.selenium.remote.ProtocolHandshake.lambda$createSession$0(ProtocolHandshake.java:123)
	at java.util.stream.ReferencePipeline$3$1.accept(Unknown Source)
	at java.util.Spliterators$ArraySpliterator.tryAdvance(Unknown Source)
	at java.util.stream.ReferencePipeline.forEachWithCancel(Unknown Source)
	at java.util.stream.AbstractPipeline.copyIntoWithCancel(Unknown Source)
	at java.util.stream.AbstractPipeline.copyInto(Unknown Source)
	at java.util.stream.AbstractPipeline.wrapAndCopyInto(Unknown Source)
	at java.util.stream.FindOps$FindOp.evaluateSequential(Unknown Source)
	at java.util.stream.AbstractPipeline.evaluate(Unknown Source)
	at java.util.stream.ReferencePipeline.findFirst(Unknown Source)
	at org.openqa.selenium.remote.ProtocolHandshake.createSession(ProtocolHandshake.java:126)
	at org.openqa.selenium.remote.ProtocolHandshake.createSession(ProtocolHandshake.java:73)
	at org.openqa.selenium.remote.HttpCommandExecutor.execute(HttpCommandExecutor.java:136)
	at org.openqa.selenium.remote.service.DriverCommandExecutor.execute(DriverCommandExecutor.java:83)
	at org.openqa.selenium.remote.RemoteWebDriver.execute(RemoteWebDriver.java:548)
	at org.openqa.selenium.remote.RemoteWebDriver.startSession(RemoteWebDriver.java:212)
	at org.openqa.selenium.remote.RemoteWebDriver.<init>(RemoteWebDriver.java:130)
	at org.openqa.selenium.firefox.FirefoxDriver.<init>(FirefoxDriver.java:125)
	at org.openqa.selenium.firefox.FirefoxDriver.<init>(FirefoxDriver.java:103)
	at tests.LocalDriverFactory.createInstance(LocalDriverFactory.java:16)
	at tests.WebDriverListener.beforeInvocation(WebDriverListener.java:13)
	at org.testng.internal.invokers.InvokedMethodListenerInvoker$InvokeBeforeInvocationWithoutContextStrategy.callMethod(InvokedMethodListenerInvoker.java:84)
	at org.testng.internal.invokers.InvokedMethodListenerInvoker.invokeListener(InvokedMethodListenerInvoker.java:62)
	at org.testng.internal.Invoker.runInvokedMethodListeners(Invoker.java:557)
	at org.testng.internal.Invoker.invokeMethod(Invoker.java:625)
	at org.testng.internal.Invoker.invokeTestMethod(Invoker.java:851)
	at org.testng.internal.Invoker.invokeTestMethods(Invoker.java:1177)
	at org.testng.internal.TestMethodWorker.invokeTestMethods(TestMethodWorker.java:129)
	at org.testng.internal.TestMethodWorker.run(TestMethodWorker.java:112)
	at org.testng.TestRunner.privateRun(TestRunner.java:756)
	at org.testng.TestRunner.run(TestRunner.java:610)
	at org.testng.SuiteRunner.runTest(SuiteRunner.java:387)
	at org.testng.SuiteRunner.access$000(SuiteRunner.java:39)
	at org.testng.SuiteRunner$SuiteWorker.run(SuiteRunner.java:421)
	at org.testng.internal.thread.ThreadUtil$2.call(ThreadUtil.java:64)
	at java.util.concurrent.FutureTask.run(Unknown Source)
	at java.util.concurrent.ThreadPoolExecutor.runWorker(Unknown Source)
	at java.util.concurrent.ThreadPoolExecutor$Worker.run(Unknown Source)
	at java.lang.Thread.run(Unknown Source)
]]>
            </full-stacktrace>
          </exception> <!-- org.openqa.selenium.WebDriverException -->
          <reporter-output>
          </reporter-output>
        </test-method> <!-- testMethod9 -->
      </class> <!-- tests.Threadlocal2 -->
    </test> <!-- TestFirefox -->
  </suite> <!-- Suite -->
</testng-results>
